cropLibrary/build/intermediates/manifest_merge_blame_file/debug/manifest-merger-blame-debug-report.txt
1<?xml version="1.0" encoding="utf-8"?>
2<manifest xmlns:android="http://schemas.android.com/apk/res/android"
3    package="com.soundcloud.android.crop" >
4
5    <application android:allowBackup="true" />
5-->src\main\AndroidManifest.xml:4:5-5:38
5-->src\main\AndroidManifest.xml:5:9-35
6
7</manifest>